  IDirect3D8.cpp
  IDirect3DCubeTexture8.cpp
  IDirect3DDevice8.cpp
  IDirect3DIndexBuffer8.cpp
  IDirect3DSurface8.cpp
  IDirect3DSwapChain8.cpp
  IDirect3DTexture8.cpp
  IDirect3DVertexBuffer8.cpp
  IDirect3DVolume8.cpp
  IDirect3DVolumeTexture8.cpp
  InterfaceQuery.cpp
  dllmain.cpp
D:\d3d8-wrapper-master\d3d8-wrapper-master\source\dllmain.cpp(305,5): warning C4996: 'strcpy': This function or variable may be unsafe. Consider using strcpy_s instead. To disable deprecation, use _CRT_SECURE_NO_WARNINGS. See online help for details.
D:\d3d8-wrapper-master\d3d8-wrapper-master\source\dllmain.cpp(438,25): warning C4838: conversion from 'FLOAT' to 'LONG' requires a narrowing conversion
D:\d3d8-wrapper-master\d3d8-wrapper-master\source\dllmain.cpp(438,25): warning C4244: 'initializing': conversion from 'FLOAT' to 'LONG', possible loss of data
D:\d3d8-wrapper-master\d3d8-wrapper-master\source\dllmain.cpp(438,30): warning C4838: conversion from 'FLOAT' to 'LONG' requires a narrowing conversion
D:\d3d8-wrapper-master\d3d8-wrapper-master\source\dllmain.cpp(438,30): warning C4244: 'initializing': conversion from 'FLOAT' to 'LONG', possible loss of data
D:\d3d8-wrapper-master\d3d8-wrapper-master\source\dllmain.cpp(438,35): warning C4838: conversion from 'FLOAT' to 'LONG' requires a narrowing conversion
D:\d3d8-wrapper-master\d3d8-wrapper-master\source\dllmain.cpp(438,35): warning C4244: 'initializing': conversion from 'FLOAT' to 'LONG', possible loss of data
D:\d3d8-wrapper-master\d3d8-wrapper-master\source\dllmain.cpp(438,47): warning C4838: conversion from 'FLOAT' to 'LONG' requires a narrowing conversion
D:\d3d8-wrapper-master\d3d8-wrapper-master\source\dllmain.cpp(438,47): warning C4244: 'initializing': conversion from 'FLOAT' to 'LONG', possible loss of data
D:\d3d8-wrapper-master\d3d8-wrapper-master\source\dllmain.cpp(439,23): warning C4838: conversion from 'FLOAT' to 'LONG' requires a narrowing conversion
D:\d3d8-wrapper-master\d3d8-wrapper-master\source\dllmain.cpp(439,23): warning C4244: 'initializing': conversion from 'FLOAT' to 'LONG', possible loss of data
D:\d3d8-wrapper-master\d3d8-wrapper-master\source\dllmain.cpp(439,28): warning C4838: conversion from 'FLOAT' to 'LONG' requires a narrowing conversion
D:\d3d8-wrapper-master\d3d8-wrapper-master\source\dllmain.cpp(439,28): warning C4244: 'initializing': conversion from 'FLOAT' to 'LONG', possible loss of data
D:\d3d8-wrapper-master\d3d8-wrapper-master\source\dllmain.cpp(439,35): warning C4838: conversion from 'FLOAT' to 'LONG' requires a narrowing conversion
D:\d3d8-wrapper-master\d3d8-wrapper-master\source\dllmain.cpp(439,35): warning C4244: 'initializing': conversion from 'FLOAT' to 'LONG', possible loss of data
D:\d3d8-wrapper-master\d3d8-wrapper-master\source\dllmain.cpp(439,47): warning C4838: conversion from 'FLOAT' to 'LONG' requires a narrowing conversion
D:\d3d8-wrapper-master\d3d8-wrapper-master\source\dllmain.cpp(439,47): warning C4244: 'initializing': conversion from 'FLOAT' to 'LONG', possible loss of data
D:\d3d8-wrapper-master\d3d8-wrapper-master\source\dllmain.cpp(440,25): warning C4838: conversion from 'FLOAT' to 'LONG' requires a narrowing conversion
D:\d3d8-wrapper-master\d3d8-wrapper-master\source\dllmain.cpp(440,25): warning C4244: 'initializing': conversion from 'FLOAT' to 'LONG', possible loss of data
D:\d3d8-wrapper-master\d3d8-wrapper-master\source\dllmain.cpp(440,30): warning C4838: conversion from 'FLOAT' to 'LONG' requires a narrowing conversion
D:\d3d8-wrapper-master\d3d8-wrapper-master\source\dllmain.cpp(440,30): warning C4244: 'initializing': conversion from 'FLOAT' to 'LONG', possible loss of data
D:\d3d8-wrapper-master\d3d8-wrapper-master\source\dllmain.cpp(440,35): warning C4838: conversion from 'FLOAT' to 'LONG' requires a narrowing conversion
D:\d3d8-wrapper-master\d3d8-wrapper-master\source\dllmain.cpp(440,35): warning C4244: 'initializing': conversion from 'FLOAT' to 'LONG', possible loss of data
D:\d3d8-wrapper-master\d3d8-wrapper-master\source\dllmain.cpp(440,47): warning C4838: conversion from 'FLOAT' to 'LONG' requires a narrowing conversion
D:\d3d8-wrapper-master\d3d8-wrapper-master\source\dllmain.cpp(440,47): warning C4244: 'initializing': conversion from 'FLOAT' to 'LONG', possible loss of data
D:\d3d8-wrapper-master\d3d8-wrapper-master\source\dllmain.cpp(441,23): warning C4838: conversion from 'FLOAT' to 'LONG' requires a narrowing conversion
D:\d3d8-wrapper-master\d3d8-wrapper-master\source\dllmain.cpp(441,23): warning C4244: 'initializing': conversion from 'FLOAT' to 'LONG', possible loss of data
D:\d3d8-wrapper-master\d3d8-wrapper-master\source\dllmain.cpp(441,28): warning C4838: conversion from 'FLOAT' to 'LONG' requires a narrowing conversion
D:\d3d8-wrapper-master\d3d8-wrapper-master\source\dllmain.cpp(441,28): warning C4244: 'initializing': conversion from 'FLOAT' to 'LONG', possible loss of data
D:\d3d8-wrapper-master\d3d8-wrapper-master\source\dllmain.cpp(441,35): warning C4838: conversion from 'FLOAT' to 'LONG' requires a narrowing conversion
D:\d3d8-wrapper-master\d3d8-wrapper-master\source\dllmain.cpp(441,35): warning C4244: 'initializing': conversion from 'FLOAT' to 'LONG', possible loss of data
D:\d3d8-wrapper-master\d3d8-wrapper-master\source\dllmain.cpp(441,47): warning C4838: conversion from 'FLOAT' to 'LONG' requires a narrowing conversion
D:\d3d8-wrapper-master\d3d8-wrapper-master\source\dllmain.cpp(441,47): warning C4244: 'initializing': conversion from 'FLOAT' to 'LONG', possible loss of data
D:\d3d8-wrapper-master\d3d8-wrapper-master\source\dllmain.cpp(442,23): warning C4838: conversion from 'FLOAT' to 'LONG' requires a narrowing conversion
D:\d3d8-wrapper-master\d3d8-wrapper-master\source\dllmain.cpp(442,23): warning C4244: 'initializing': conversion from 'FLOAT' to 'LONG', possible loss of data
D:\d3d8-wrapper-master\d3d8-wrapper-master\source\dllmain.cpp(442,26): warning C4838: conversion from 'FLOAT' to 'LONG' requires a narrowing conversion
D:\d3d8-wrapper-master\d3d8-wrapper-master\source\dllmain.cpp(442,26): warning C4244: 'initializing': conversion from 'FLOAT' to 'LONG', possible loss of data
D:\d3d8-wrapper-master\d3d8-wrapper-master\source\dllmain.cpp(442,31): warning C4838: conversion from 'FLOAT' to 'LONG' requires a narrowing conversion
D:\d3d8-wrapper-master\d3d8-wrapper-master\source\dllmain.cpp(442,31): warning C4244: 'initializing': conversion from 'FLOAT' to 'LONG', possible loss of data
D:\d3d8-wrapper-master\d3d8-wrapper-master\source\dllmain.cpp(442,43): warning C4838: conversion from 'FLOAT' to 'LONG' requires a narrowing conversion
D:\d3d8-wrapper-master\d3d8-wrapper-master\source\dllmain.cpp(442,43): warning C4244: 'initializing': conversion from 'FLOAT' to 'LONG', possible loss of data
D:\d3d8-wrapper-master\d3d8-wrapper-master\source\dllmain.cpp(433,17): warning C4996: '_vsnprintf': This function or variable may be unsafe. Consider using _vsnprintf_s instead. To disable deprecation, use _CRT_SECURE_NO_WARNINGS. See online help for details.
D:\d3d8-wrapper-master\d3d8-wrapper-master\source\dllmain.cpp(460,44): warning C4244: 'argument': conversion from 'int' to 'FLOAT', possible loss of data
D:\d3d8-wrapper-master\d3d8-wrapper-master\source\dllmain.cpp(1109,13): warning C4996: 'strcpy': This function or variable may be unsafe. Consider using strcpy_s instead. To disable deprecation, use _CRT_SECURE_NO_WARNINGS. See online help for details.
  Generating Code...
     Creating library ..\data\d3d8.lib and object ..\data\d3d8.exp
  d3d8-wrapper.vcxproj -> D:\d3d8-wrapper-master\d3d8-wrapper-master\data\d3d8.dll
